C:\Program Files (x86)\Microsoft Visual Studio\2017\Community\Common7\IDE\VC\VCTargets\Microsoft.CppBuild.targets(387,5): warning MSB8028: Katalog pośredni (Debug\) zawiera pliki udostępnione z innego projektu (SzkieletTemplate1.vcxproj). Może to spowodować niepoprawne zachowanie podczas oczyszczania i ponownej kompilacji.
  main_file.cpp
c:\users\maaslak\documents\github\grafika\szkielettemplate1\allmodels.h(39): warning C4091: "typedef ": zignorowano na lewo od "tex_type" podczas gdy brak deklaracji zmiennej
c:\program files (x86)\windows kits\10\include\10.0.15063.0\shared\minwindef.h(130): warning C4005: "APIENTRY": ponowna definicja makra
  c:\users\maaslak\documents\github\grafika\packages\glfw.3.2.1\build\native\include\glfw\glfw3.h(98): note: zobacz poprzednią definicję „APIENTRY”
c:\users\maaslak\documents\github\grafika\szkielettemplate1\objtester\obj_parser.h(18): warning C4091: "typedef ": zignorowano na lewo od "obj_face" podczas gdy brak deklaracji zmiennej
c:\users\maaslak\documents\github\grafika\szkielettemplate1\objtester\obj_parser.h(27): warning C4091: "typedef ": zignorowano na lewo od "obj_sphere" podczas gdy brak deklaracji zmiennej
c:\users\maaslak\documents\github\grafika\szkielettemplate1\objtester\obj_parser.h(36): warning C4091: "typedef ": zignorowano na lewo od "obj_plane" podczas gdy brak deklaracji zmiennej
c:\users\maaslak\documents\github\grafika\szkielettemplate1\objtester\obj_parser.h(41): warning C4091: "typedef ": zignorowano na lewo od "obj_vector" podczas gdy brak deklaracji zmiennej
c:\users\maaslak\documents\github\grafika\szkielettemplate1\objtester\obj_parser.h(56): warning C4091: "typedef ": zignorowano na lewo od "obj_material" podczas gdy brak deklaracji zmiennej
c:\users\maaslak\documents\github\grafika\szkielettemplate1\objtester\obj_parser.h(63): warning C4091: "typedef ": zignorowano na lewo od "obj_camera" podczas gdy brak deklaracji zmiennej
c:\users\maaslak\documents\github\grafika\szkielettemplate1\objtester\obj_parser.h(69): warning C4091: "typedef ": zignorowano na lewo od "obj_light_point" podczas gdy brak deklaracji zmiennej
c:\users\maaslak\documents\github\grafika\szkielettemplate1\objtester\obj_parser.h(76): warning C4091: "typedef ": zignorowano na lewo od "obj_light_disc" podczas gdy brak deklaracji zmiennej
c:\users\maaslak\documents\github\grafika\szkielettemplate1\objtester\obj_parser.h(82): warning C4091: "typedef ": zignorowano na lewo od "obj_light_quad" podczas gdy brak deklaracji zmiennej
c:\users\maaslak\documents\github\grafika\szkielettemplate1\objtester\obj_parser.h(105): warning C4091: "typedef ": zignorowano na lewo od "obj_growable_scene_data" podczas gdy brak deklaracji zmiennej
c:\users\maaslak\documents\github\grafika\szkielettemplate1\objtester\obj_parser.h(138): warning C4091: "typedef ": zignorowano na lewo od "obj_scene_data" podczas gdy brak deklaracji zmiennej
c:\users\maaslak\documents\github\grafika\szkielettemplate1\main_file.cpp(55): error C2039: "Gallery": nie jest elementem członkowskim "Models"
  c:\users\maaslak\documents\github\grafika\szkielettemplate1\model.h(49): note: zobacz deklarację „Models”
c:\users\maaslak\documents\github\grafika\szkielettemplate1\main_file.cpp(55): error C2143: błąd składniowy: brakuje „;” przed „*”
c:\users\maaslak\documents\github\grafika\szkielettemplate1\main_file.cpp(55): error C4430: brak specyfikatora typu - założono, że int. Uwaga: C++ nie obsługuje domyślnie typu int
c:\users\maaslak\documents\github\grafika\szkielettemplate1\main_file.cpp(95): warning C4244: "inicjowanie": konwersja z "double" do "float", możliwa utrata danych
c:\users\maaslak\documents\github\grafika\szkielettemplate1\main_file.cpp(111): warning C4244: "=": konwersja z "double" do "float", możliwa utrata danych
c:\users\maaslak\documents\github\grafika\szkielettemplate1\main_file.cpp(112): warning C4244: "=": konwersja z "double" do "float", możliwa utrata danych
c:\users\maaslak\documents\github\grafika\szkielettemplate1\main_file.cpp(116): warning C4244: "inicjowanie": konwersja z "double" do "float", możliwa utrata danych
c:\users\maaslak\documents\github\grafika\szkielettemplate1\main_file.cpp(117): warning C4244: "inicjowanie": konwersja z "double" do "float", możliwa utrata danych
c:\users\maaslak\documents\github\grafika\szkielettemplate1\main_file.cpp(118): warning C4244: "=": konwersja z "double" do "float", możliwa utrata danych
c:\users\maaslak\documents\github\grafika\szkielettemplate1\main_file.cpp(119): warning C4244: "=": konwersja z "double" do "float", możliwa utrata danych
c:\users\maaslak\documents\github\grafika\szkielettemplate1\main_file.cpp(121): warning C4305: "inicjowanie": obcięcie z "double" do "float"
c:\users\maaslak\documents\github\grafika\szkielettemplate1\main_file.cpp(199): warning C4018: "<": niezgodność typu ze znakiem/bez znaku
c:\users\maaslak\documents\github\grafika\szkielettemplate1\main_file.cpp(203): warning C4244: "=": konwersja z "double" do "float", możliwa utrata danych
c:\users\maaslak\documents\github\grafika\szkielettemplate1\main_file.cpp(204): warning C4244: "=": konwersja z "double" do "float", możliwa utrata danych
c:\users\maaslak\documents\github\grafika\szkielettemplate1\main_file.cpp(205): warning C4244: "=": konwersja z "double" do "float", możliwa utrata danych
c:\users\maaslak\documents\github\grafika\szkielettemplate1\main_file.cpp(208): warning C4244: "=": konwersja z "double" do "float", możliwa utrata danych
c:\users\maaslak\documents\github\grafika\szkielettemplate1\main_file.cpp(209): warning C4244: "=": konwersja z "double" do "float", możliwa utrata danych
c:\users\maaslak\documents\github\grafika\szkielettemplate1\main_file.cpp(210): warning C4244: "=": konwersja z "double" do "float", możliwa utrata danych
c:\users\maaslak\documents\github\grafika\szkielettemplate1\main_file.cpp(213): warning C4244: "=": konwersja z "double" do "float", możliwa utrata danych
c:\users\maaslak\documents\github\grafika\szkielettemplate1\main_file.cpp(214): warning C4244: "=": konwersja z "double" do "float", możliwa utrata danych
c:\users\maaslak\documents\github\grafika\szkielettemplate1\main_file.cpp(215): warning C4244: "=": konwersja z "double" do "float", możliwa utrata danych
c:\users\maaslak\documents\github\grafika\szkielettemplate1\main_file.cpp(227): warning C4018: "<": niezgodność typu ze znakiem/bez znaku
c:\users\maaslak\documents\github\grafika\szkielettemplate1\main_file.cpp(231): warning C4244: "=": konwersja z "double" do "float", możliwa utrata danych
c:\users\maaslak\documents\github\grafika\szkielettemplate1\main_file.cpp(232): warning C4244: "=": konwersja z "double" do "float", możliwa utrata danych
c:\users\maaslak\documents\github\grafika\szkielettemplate1\main_file.cpp(233): warning C4244: "=": konwersja z "double" do "float", możliwa utrata danych
c:\users\maaslak\documents\github\grafika\szkielettemplate1\main_file.cpp(236): warning C4244: "=": konwersja z "double" do "float", możliwa utrata danych
c:\users\maaslak\documents\github\grafika\szkielettemplate1\main_file.cpp(237): warning C4244: "=": konwersja z "double" do "float", możliwa utrata danych
c:\users\maaslak\documents\github\grafika\szkielettemplate1\main_file.cpp(238): warning C4244: "=": konwersja z "double" do "float", możliwa utrata danych
c:\users\maaslak\documents\github\grafika\szkielettemplate1\main_file.cpp(241): warning C4244: "=": konwersja z "double" do "float", możliwa utrata danych
c:\users\maaslak\documents\github\grafika\szkielettemplate1\main_file.cpp(242): warning C4244: "=": konwersja z "double" do "float", możliwa utrata danych
c:\users\maaslak\documents\github\grafika\szkielettemplate1\main_file.cpp(243): warning C4244: "=": konwersja z "double" do "float", możliwa utrata danych
c:\users\maaslak\documents\github\grafika\szkielettemplate1\main_file.cpp(251): error C2039: "Gallery": nie jest elementem członkowskim "Models"
  c:\users\maaslak\documents\github\grafika\szkielettemplate1\model.h(49): note: zobacz deklarację „Models”
c:\users\maaslak\documents\github\grafika\szkielettemplate1\main_file.cpp(251): error C2061: błąd składniowy: identyfikator „Gallery”
c:\users\maaslak\documents\github\grafika\szkielettemplate1\main_file.cpp(298): error C2227: po lewej "->draw" musi wskazywać typ class/struct/union/generic
  c:\users\maaslak\documents\github\grafika\szkielettemplate1\main_file.cpp(298): note: typ to "int *"
  Gallery.cpp
c:\users\maaslak\documents\github\grafika\szkielettemplate1\objtester\obj_parser.h(18): warning C4091: "typedef ": zignorowano na lewo od "obj_face" podczas gdy brak deklaracji zmiennej
c:\users\maaslak\documents\github\grafika\szkielettemplate1\objtester\obj_parser.h(27): warning C4091: "typedef ": zignorowano na lewo od "obj_sphere" podczas gdy brak deklaracji zmiennej
c:\users\maaslak\documents\github\grafika\szkielettemplate1\objtester\obj_parser.h(36): warning C4091: "typedef ": zignorowano na lewo od "obj_plane" podczas gdy brak deklaracji zmiennej
c:\users\maaslak\documents\github\grafika\szkielettemplate1\objtester\obj_parser.h(41): warning C4091: "typedef ": zignorowano na lewo od "obj_vector" podczas gdy brak deklaracji zmiennej
c:\users\maaslak\documents\github\grafika\szkielettemplate1\objtester\obj_parser.h(56): warning C4091: "typedef ": zignorowano na lewo od "obj_material" podczas gdy brak deklaracji zmiennej
c:\users\maaslak\documents\github\grafika\szkielettemplate1\objtester\obj_parser.h(63): warning C4091: "typedef ": zignorowano na lewo od "obj_camera" podczas gdy brak deklaracji zmiennej
c:\users\maaslak\documents\github\grafika\szkielettemplate1\objtester\obj_parser.h(69): warning C4091: "typedef ": zignorowano na lewo od "obj_light_point" podczas gdy brak deklaracji zmiennej
c:\users\maaslak\documents\github\grafika\szkielettemplate1\objtester\obj_parser.h(76): warning C4091: "typedef ": zignorowano na lewo od "obj_light_disc" podczas gdy brak deklaracji zmiennej
c:\users\maaslak\documents\github\grafika\szkielettemplate1\objtester\obj_parser.h(82): warning C4091: "typedef ": zignorowano na lewo od "obj_light_quad" podczas gdy brak deklaracji zmiennej
c:\users\maaslak\documents\github\grafika\szkielettemplate1\objtester\obj_parser.h(105): warning C4091: "typedef ": zignorowano na lewo od "obj_growable_scene_data" podczas gdy brak deklaracji zmiennej
c:\users\maaslak\documents\github\grafika\szkielettemplate1\objtester\obj_parser.h(138): warning C4091: "typedef ": zignorowano na lewo od "obj_scene_data" podczas gdy brak deklaracji zmiennej
c:\users\maaslak\documents\github\grafika\szkielettemplate1\allmodels.h(39): warning C4091: "typedef ": zignorowano na lewo od "tex_type" podczas gdy brak deklaracji zmiennej
  Generowanie kodu...
